#logback.classic pattern: [REQUEST1] [REQUEST1] [%-5level] %d{yyyy-MM-dd HH:mm:ss} [%thread] [%logger{40}:%line] - %msg%n
[REQUEST1] [REQUEST1] [INFO ] 2024-05-09 21:59:20 [restartedMain] [c.e.m.MinProj2MybatisApplication:50] - Starting MinProj2MybatisApplication using Java 17.0.9 with PID 1884 (/Users/baegseungchan/Desktop/BackEnd/MinProj2_Mybatis/out/production/classes started by baegseungchan in /Users/baegseungchan/Desktop/BackEnd/MinProj2_Mybatis)
[REQUEST1] [REQUEST1] [INFO ] 2024-05-09 21:59:20 [restartedMain] [c.e.m.MinProj2MybatisApplication:660] - The following 1 profile is active: "prod"
[REQUEST1] [REQUEST1] [INFO ] 2024-05-09 21:59:20 [restartedMain] [o.s.b.d.e.DevToolsPropertyDefaultsPostProcessor:252] - Devtools property defaults active! Set 'spring.devtools.add-properties' to 'false' to disable
[REQUEST1] [REQUEST1] [INFO ] 2024-05-09 21:59:20 [restartedMain] [o.s.b.d.e.DevToolsPropertyDefaultsPostProcessor:252] - For additional web related logging consider setting the 'logging.level.web' property to 'DEBUG'
[REQUEST1] [REQUEST1] [INFO ] 2024-05-09 21:59:20 [restartedMain] [o.s.b.w.embedded.tomcat.TomcatWebServer:109] - Tomcat initialized with port 8888 (http)
[REQUEST1] [REQUEST1] [INFO ] 2024-05-09 21:59:20 [restartedMain] [o.apache.catalina.core.StandardService:173] - Starting service [Tomcat]
[REQUEST1] [REQUEST1] [INFO ] 2024-05-09 21:59:20 [restartedMain] [org.apache.catalina.core.StandardEngine:173] - Starting Servlet engine: [Apache Tomcat/10.1.20]
[REQUEST1] [REQUEST1] [INFO ] 2024-05-09 21:59:21 [restartedMain] [org.apache.jasper.servlet.TldScanner:173] - At least one JAR was scanned for TLDs yet contained no TLDs. Enable debug logging for this logger for a complete list of JARs that were scanned but no TLDs were found in them. Skipping unneeded JARs during scanning can improve startup time and JSP compilation time.
[REQUEST1] [REQUEST1] [INFO ] 2024-05-09 21:59:21 [restartedMain] [o.a.c.c.C.[Tomcat].[localhost].[/]:173] - Initializing Spring embedded WebApplicationContext
[REQUEST1] [REQUEST1] [INFO ] 2024-05-09 21:59:21 [restartedMain] [o.s.b.w.s.c.ServletWebServerApplicationContext:296] - Root WebApplicationContext: initialization completed in 860 ms
[REQUEST1] [REQUEST1] [ERROR] 2024-05-09 21:59:21 [restartedMain] [i.n.r.d.DnsServerAddressStreamProviders:79] - Unable to load io.netty.resolver.dns.macos.MacOSDnsServerAddressStreamProvider, fallback to system defaults. This may result in incorrect DNS resolutions on MacOS. Check whether you have a dependency on 'io.netty:netty-resolver-dns-native-macos'. Use DEBUG level to see the full stack: java.lang.UnsatisfiedLinkError: failed to load the required native library
[REQUEST1] [REQUEST1] [INFO ] 2024-05-09 21:59:21 [restartedMain] [o.s.s.web.DefaultSecurityFilterChain:54] - Will secure any request with [org.springframework.security.web.session.DisableEncodeUrlFilter@53e0aa3a, org.springframework.security.web.context.request.async.WebAsyncManagerIntegrationFilter@4eb8aaf3, org.springframework.security.web.context.SecurityContextHolderFilter@5615d14c, org.springframework.security.web.header.HeaderWriterFilter@1b9b763a, org.springframework.web.filter.CorsFilter@1d3ef61a, org.springframework.security.web.authentication.logout.LogoutFilter@482e4ffa, org.springframework.security.web.authentication.UsernamePasswordAuthenticationFilter@6dcbda6, org.springframework.security.web.savedrequest.RequestCacheAwareFilter@2edb1664, org.springframework.security.web.servletapi.SecurityContextHolderAwareRequestFilter@6a748fee, org.springframework.security.web.authentication.rememberme.RememberMeAuthenticationFilter@7054602e, org.springframework.security.web.authentication.AnonymousAuthenticationFilter@5357fd18, org.springframework.security.web.access.ExceptionTranslationFilter@4306d844, org.springframework.security.web.access.intercept.AuthorizationFilter@236cb231]
[REQUEST1] [REQUEST1] [INFO ] 2024-05-09 21:59:21 [restartedMain] [o.s.b.d.a.OptionalLiveReloadServer:59] - LiveReload server is running on port 35729
[REQUEST1] [REQUEST1] [INFO ] 2024-05-09 21:59:21 [restartedMain] [o.s.b.w.embedded.tomcat.TomcatWebServer:241] - Tomcat started on port 8888 (http) with context path ''
[REQUEST1] [REQUEST1] [INFO ] 2024-05-09 21:59:21 [restartedMain] [c.e.m.MinProj2MybatisApplication:56] - Started MinProj2MybatisApplication in 1.827 seconds (process running for 2.172)
[REQUEST1] [REQUEST1] [INFO ] 2024-05-09 21:59:28 [http-nio-8888-exec-1] [o.a.c.c.C.[Tomcat].[localhost].[/]:173] - Initializing Spring DispatcherServlet 'dispatcherServlet'
[REQUEST1] [REQUEST1] [INFO ] 2024-05-09 21:59:28 [http-nio-8888-exec-1] [o.s.web.servlet.DispatcherServlet:532] - Initializing Servlet 'dispatcherServlet'
[REQUEST1] [REQUEST1] [INFO ] 2024-05-09 21:59:28 [http-nio-8888-exec-1] [o.s.web.servlet.DispatcherServlet:554] - Completed initialization in 1 ms
[REQUEST1] [REQUEST1] [INFO ] 2024-05-09 21:59:28 [http-nio-8888-exec-1] [com.zaxxer.hikari.HikariDataSource:110] - HikariPool-1 - Starting...
[REQUEST1] [REQUEST1] [INFO ] 2024-05-09 21:59:28 [http-nio-8888-exec-1] [com.zaxxer.hikari.pool.HikariPool:565] - HikariPool-1 - Added connection org.mariadb.jdbc.Connection@abf25d3
[REQUEST1] [REQUEST1] [INFO ] 2024-05-09 21:59:28 [http-nio-8888-exec-1] [com.zaxxer.hikari.HikariDataSource:123] - HikariPool-1 - Start completed.
[REQUEST1] [REQUEST1] [INFO ] 2024-05-09 21:59:33 [SpringApplicationShutdownHook] [com.zaxxer.hikari.HikariDataSource:350] - HikariPool-1 - Shutdown initiated...
[REQUEST1] [REQUEST1] [INFO ] 2024-05-09 21:59:33 [SpringApplicationShutdownHook] [com.zaxxer.hikari.HikariDataSource:352] - HikariPool-1 - Shutdown completed.
#logback.classic pattern: [REQUEST1] [REQUEST1] [%-5level] %d{yyyy-MM-dd HH:mm:ss} [%thread] [%logger{40}:%line] - %msg%n
